<?xml version="1.0" encoding="UTF-8"?>
<testsuite xmlns:xsi="http://www.w3.org/2001/XMLSchema-instance" xsi:noNamespaceSchemaLocation="https://maven.apache.org/surefire/maven-surefire-plugin/xsd/surefire-test-report-3.0.xsd" version="3.0" name="TestSuite" time="121.876" tests="3" errors="0" skipped="0" failures="1">
  <properties>
    <property name="sun.desktop" value="windows"/>
    <property name="awt.toolkit" value="sun.awt.windows.WToolkit"/>
    <property name="file.encoding.pkg" value="sun.io"/>
    <property name="java.specification.version" value="1.8"/>
    <property name="sun.cpu.isalist" value="amd64"/>
    <property name="sun.jnu.encoding" value="Cp1252"/>
    <property name="java.class.path" value="C:\Git\AutomationFramework\target\test-classes;C:\Git\AutomationFramework\target\classes;C:\Users\ckh6kor\.m2\repository\com\googlecode\json-simple\json-simple\1.1.1\json-simple-1.1.1.jar;C:\Users\ckh6kor\.m2\repository\junit\junit\4.10\junit-4.10.jar;C:\Users\ckh6kor\.m2\repository\io\github\bonigarcia\webdrivermanager\3.8.1\webdrivermanager-3.8.1.jar;C:\Users\ckh6kor\.m2\repository\org\slf4j\slf4j-api\1.7.25\slf4j-api-1.7.25.jar;C:\Users\ckh6kor\.m2\repository\com\google\code\gson\gson\2.8.5\gson-2.8.5.jar;C:\Users\ckh6kor\.m2\repository\org\apache\commons\commons-lang3\3.8.1\commons-lang3-3.8.1.jar;C:\Users\ckh6kor\.m2\repository\org\apache\httpcomponents\httpclient\4.5.6\httpclient-4.5.6.jar;C:\Users\ckh6kor\.m2\repository\org\rauschig\jarchivelib\1.0.0\jarchivelib-1.0.0.jar;C:\Users\ckh6kor\.m2\repository\org\apache\commons\commons-compress\1.18\commons-compress-1.18.jar;C:\Users\ckh6kor\.m2\repository\org\jsoup\jsoup\1.11.3\jsoup-1.11.3.jar;C:\Users\ckh6kor\.m2\repository\org\seleniumhq\selenium\selenium-server\3.5.3\selenium-server-3.5.3.jar;C:\Users\ckh6kor\.m2\repository\org\seleniumhq\selenium\selenium-api\3.5.3\selenium-api-3.5.3.jar;C:\Users\ckh6kor\.m2\repository\org\seleniumhq\selenium\selenium-chrome-driver\3.5.3\selenium-chrome-driver-3.5.3.jar;C:\Users\ckh6kor\.m2\repository\org\seleniumhq\selenium\selenium-edge-driver\3.5.3\selenium-edge-driver-3.5.3.jar;C:\Users\ckh6kor\.m2\repository\org\seleniumhq\selenium\selenium-firefox-driver\3.5.3\selenium-firefox-driver-3.5.3.jar;C:\Users\ckh6kor\.m2\repository\org\seleniumhq\selenium\selenium-ie-driver\3.5.3\selenium-ie-driver-3.5.3.jar;C:\Users\ckh6kor\.m2\repository\org\seleniumhq\selenium\selenium-opera-driver\3.5.3\selenium-opera-driver-3.5.3.jar;C:\Users\ckh6kor\.m2\repository\org\seleniumhq\selenium\selenium-remote-driver\3.5.3\selenium-remote-driver-3.5.3.jar;C:\Users\ckh6kor\.m2\repository\org\seleniumhq\selenium\selenium-safari-driver\3.5.3\selenium-safari-driver-3.5.3.jar;C:\Users\ckh6kor\.m2\repository\com\beust\jcommander\1.48\jcommander-1.48.jar;C:\Users\ckh6kor\.m2\repository\cglib\cglib-nodep\3.2.4\cglib-nodep-3.2.4.jar;C:\Users\ckh6kor\.m2\repository\org\apache\commons\commons-exec\1.3\commons-exec-1.3.jar;C:\Users\ckh6kor\.m2\repository\commons-codec\commons-codec\1.10\commons-codec-1.10.jar;C:\Users\ckh6kor\.m2\repository\commons-logging\commons-logging\1.2\commons-logging-1.2.jar;C:\Users\ckh6kor\.m2\repository\org\w3c\css\sac\1.3\sac-1.3.jar;C:\Users\ckh6kor\.m2\repository\net\sourceforge\cssparser\cssparser\0.9.23\cssparser-0.9.23.jar;C:\Users\ckh6kor\.m2\repository\com\google\guava\guava\23.0\guava-23.0.jar;C:\Users\ckh6kor\.m2\repository\com\google\code\findbugs\jsr305\1.3.9\jsr305-1.3.9.jar;C:\Users\ckh6kor\.m2\repository\com\google\errorprone\error_prone_annotations\2.0.18\error_prone_annotations-2.0.18.jar;C:\Users\ckh6kor\.m2\repository\com\google\j2objc\j2objc-annotations\1.1\j2objc-annotations-1.1.jar;C:\Users\ckh6kor\.m2\repository\org\codehaus\mojo\animal-sniffer-annotations\1.14\animal-sniffer-annotations-1.14.jar;C:\Users\ckh6kor\.m2\repository\org\hamcrest\hamcrest-core\1.3\hamcrest-core-1.3.jar;C:\Users\ckh6kor\.m2\repository\net\sourceforge\htmlunit\htmlunit\2.27\htmlunit-2.27.jar;C:\Users\ckh6kor\.m2\repository\net\sourceforge\htmlunit\htmlunit-core-js\2.27\htmlunit-core-js-2.27.jar;C:\Users\ckh6kor\.m2\repository\net\sourceforge\htmlunit\neko-htmlunit\2.27\neko-htmlunit-2.27.jar;C:\Users\ckh6kor\.m2\repository\org\apache\httpcomponents\httpcore\4.4.6\httpcore-4.4.6.jar;C:\Users\ckh6kor\.m2\repository\org\apache\httpcomponents\httpmime\4.5.3\httpmime-4.5.3.jar;C:\Users\ckh6kor\.m2\repository\net\jcip\jcip-annotations\1.0\jcip-annotations-1.0.jar;C:\Users\ckh6kor\.m2\repository\org\seleniumhq\selenium\jetty-repacked\9.4.5.v20170502\jetty-repacked-9.4.5.v20170502.jar;C:\Users\ckh6kor\.m2\repository\org\eclipse\jetty\jetty-client\9.4.5.v20170502\jetty-client-9.4.5.v20170502.jar;C:\Users\ckh6kor\.m2\repository\org\eclipse\jetty\jetty-http\9.4.5.v20170502\jetty-http-9.4.5.v20170502.jar;C:\Users\ckh6kor\.m2\repository\org\eclipse\jetty\jetty-io\9.4.5.v20170502\jetty-io-9.4.5.v20170502.jar;C:\Users\ckh6kor\.m2\repository\org\eclipse\jetty\jetty-util\9.4.5.v20170502\jetty-util-9.4.5.v20170502.jar;C:\Users\ckh6kor\.m2\repository\net\java\dev\jna\jna\4.1.0\jna-4.1.0.jar;C:\Users\ckh6kor\.m2\repository\net\java\dev\jna\jna-platform\4.1.0\jna-platform-4.1.0.jar;C:\Users\ckh6kor\.m2\repository\com\codeborne\phantomjsdriver\1.4.0\phantomjsdriver-1.4.0.jar;C:\Users\ckh6kor\.m2\repository\org\seleniumhq\selenium\htmlunit-driver\2.27\htmlunit-driver-2.27.jar;C:\Users\ckh6kor\.m2\repository\javax\servlet\javax.servlet-api\3.1.0\javax.servlet-api-3.1.0.jar;C:\Users\ckh6kor\.m2\repository\org\eclipse\jetty\websocket\websocket-api\9.4.5.v20170502\websocket-api-9.4.5.v20170502.jar;C:\Users\ckh6kor\.m2\repository\org\eclipse\jetty\websocket\websocket-client\9.4.5.v20170502\websocket-client-9.4.5.v20170502.jar;C:\Users\ckh6kor\.m2\repository\org\eclipse\jetty\websocket\websocket-common\9.4.5.v20170502\websocket-common-9.4.5.v20170502.jar;C:\Users\ckh6kor\.m2\repository\xalan\serializer\2.7.2\serializer-2.7.2.jar;C:\Users\ckh6kor\.m2\repository\xalan\xalan\2.7.2\xalan-2.7.2.jar;C:\Users\ckh6kor\.m2\repository\xerces\xercesImpl\2.11.0\xercesImpl-2.11.0.jar;C:\Users\ckh6kor\.m2\repository\xml-apis\xml-apis\1.4.01\xml-apis-1.4.01.jar;C:\Users\ckh6kor\.m2\repository\org\yaml\snakeyaml\1.15\snakeyaml-1.15.jar;C:\Users\ckh6kor\.m2\repository\org\seleniumhq\selenium\selenium-java\3.141.59\selenium-java-3.141.59.jar;C:\Users\ckh6kor\.m2\repository\net\bytebuddy\byte-buddy\1.8.15\byte-buddy-1.8.15.jar;C:\Users\ckh6kor\.m2\repository\com\squareup\okhttp3\okhttp\3.11.0\okhttp-3.11.0.jar;C:\Users\ckh6kor\.m2\repository\com\squareup\okio\okio\1.14.0\okio-1.14.0.jar;C:\Users\ckh6kor\.m2\repository\org\uncommons\reportng\1.1.4\reportng-1.1.4.jar;C:\Users\ckh6kor\.m2\repository\velocity\velocity\1.4\velocity-1.4.jar;C:\Users\ckh6kor\.m2\repository\velocity\velocity-dep\1.4\velocity-dep-1.4.jar;C:\Users\ckh6kor\.m2\repository\com\google\inject\guice\3.0\guice-3.0.jar;C:\Users\ckh6kor\.m2\repository\javax\inject\javax.inject\1\javax.inject-1.jar;C:\Users\ckh6kor\.m2\repository\aopalliance\aopalliance\1.0\aopalliance-1.0.jar;C:\Users\ckh6kor\.m2\repository\com\jayway\jsonpath\json-path\2.4.0\json-path-2.4.0.jar;C:\Users\ckh6kor\.m2\repository\net\minidev\json-smart\2.3\json-smart-2.3.jar;C:\Users\ckh6kor\.m2\repository\net\minidev\accessors-smart\1.2\accessors-smart-1.2.jar;C:\Users\ckh6kor\.m2\repository\org\ow2\asm\asm\5.0.4\asm-5.0.4.jar;C:\Users\ckh6kor\.m2\repository\dom4j\dom4j\1.6.1\dom4j-1.6.1.jar;C:\Users\ckh6kor\.m2\repository\commons-io\commons-io\2.6\commons-io-2.6.jar;C:\Users\ckh6kor\.m2\repository\jaxen\jaxen\1.2.0\jaxen-1.2.0.jar;C:\Users\ckh6kor\.m2\repository\org\seleniumhq\selenium\selenium-support\3.141.59\selenium-support-3.141.59.jar;C:\Users\ckh6kor\.m2\repository\org\testng\testng\7.1.0\testng-7.1.0.jar;C:\Users\ckh6kor\.m2\repository\com\google\inject\guice\4.1.0\guice-4.1.0-no_aop.jar;C:\Users\ckh6kor\.m2\repository\log4j\log4j\1.2.17\log4j-1.2.17.jar;"/>
    <property name="java.vm.vendor" value="Oracle Corporation"/>
    <property name="sun.arch.data.model" value="64"/>
    <property name="user.variant" value=""/>
    <property name="java.vendor.url" value="http://java.oracle.com/"/>
    <property name="user.timezone" value="Asia/Calcutta"/>
    <property name="java.vm.specification.version" value="1.8"/>
    <property name="os.name" value="Windows 10"/>
    <property name="user.country" value="US"/>
    <property name="sun.java.launcher" value="SUN_STANDARD"/>
    <property name="sun.boot.library.path" value="C:\Program Files\Java\jdk1.8.0_241\jre\bin"/>
    <property name="sun.java.command" value="C:\Users\ckh6kor\AppData\Local\Temp\surefire8884397114135230120\surefirebooter8844637570657534693.jar C:\Users\ckh6kor\AppData\Local\Temp\surefire8884397114135230120 2020-02-23T00-13-48_645-jvmRun1 surefire1276231220482194825tmp surefire_03998427273550340250tmp"/>
    <property name="surefire.test.class.path" value="C:\Git\AutomationFramework\target\test-classes;C:\Git\AutomationFramework\target\classes;C:\Users\ckh6kor\.m2\repository\com\googlecode\json-simple\json-simple\1.1.1\json-simple-1.1.1.jar;C:\Users\ckh6kor\.m2\repository\junit\junit\4.10\junit-4.10.jar;C:\Users\ckh6kor\.m2\repository\io\github\bonigarcia\webdrivermanager\3.8.1\webdrivermanager-3.8.1.jar;C:\Users\ckh6kor\.m2\repository\org\slf4j\slf4j-api\1.7.25\slf4j-api-1.7.25.jar;C:\Users\ckh6kor\.m2\repository\com\google\code\gson\gson\2.8.5\gson-2.8.5.jar;C:\Users\ckh6kor\.m2\repository\org\apache\commons\commons-lang3\3.8.1\commons-lang3-3.8.1.jar;C:\Users\ckh6kor\.m2\repository\org\apache\httpcomponents\httpclient\4.5.6\httpclient-4.5.6.jar;C:\Users\ckh6kor\.m2\repository\org\rauschig\jarchivelib\1.0.0\jarchivelib-1.0.0.jar;C:\Users\ckh6kor\.m2\repository\org\apache\commons\commons-compress\1.18\commons-compress-1.18.jar;C:\Users\ckh6kor\.m2\repository\org\jsoup\jsoup\1.11.3\jsoup-1.11.3.jar;C:\Users\ckh6kor\.m2\repository\org\seleniumhq\selenium\selenium-server\3.5.3\selenium-server-3.5.3.jar;C:\Users\ckh6kor\.m2\repository\org\seleniumhq\selenium\selenium-api\3.5.3\selenium-api-3.5.3.jar;C:\Users\ckh6kor\.m2\repository\org\seleniumhq\selenium\selenium-chrome-driver\3.5.3\selenium-chrome-driver-3.5.3.jar;C:\Users\ckh6kor\.m2\repository\org\seleniumhq\selenium\selenium-edge-driver\3.5.3\selenium-edge-driver-3.5.3.jar;C:\Users\ckh6kor\.m2\repository\org\seleniumhq\selenium\selenium-firefox-driver\3.5.3\selenium-firefox-driver-3.5.3.jar;C:\Users\ckh6kor\.m2\repository\org\seleniumhq\selenium\selenium-ie-driver\3.5.3\selenium-ie-driver-3.5.3.jar;C:\Users\ckh6kor\.m2\repository\org\seleniumhq\selenium\selenium-opera-driver\3.5.3\selenium-opera-driver-3.5.3.jar;C:\Users\ckh6kor\.m2\repository\org\seleniumhq\selenium\selenium-remote-driver\3.5.3\selenium-remote-driver-3.5.3.jar;C:\Users\ckh6kor\.m2\repository\org\seleniumhq\selenium\selenium-safari-driver\3.5.3\selenium-safari-driver-3.5.3.jar;C:\Users\ckh6kor\.m2\repository\com\beust\jcommander\1.48\jcommander-1.48.jar;C:\Users\ckh6kor\.m2\repository\cglib\cglib-nodep\3.2.4\cglib-nodep-3.2.4.jar;C:\Users\ckh6kor\.m2\repository\org\apache\commons\commons-exec\1.3\commons-exec-1.3.jar;C:\Users\ckh6kor\.m2\repository\commons-codec\commons-codec\1.10\commons-codec-1.10.jar;C:\Users\ckh6kor\.m2\repository\commons-logging\commons-logging\1.2\commons-logging-1.2.jar;C:\Users\ckh6kor\.m2\repository\org\w3c\css\sac\1.3\sac-1.3.jar;C:\Users\ckh6kor\.m2\repository\net\sourceforge\cssparser\cssparser\0.9.23\cssparser-0.9.23.jar;C:\Users\ckh6kor\.m2\repository\com\google\guava\guava\23.0\guava-23.0.jar;C:\Users\ckh6kor\.m2\repository\com\google\code\findbugs\jsr305\1.3.9\jsr305-1.3.9.jar;C:\Users\ckh6kor\.m2\repository\com\google\errorprone\error_prone_annotations\2.0.18\error_prone_annotations-2.0.18.jar;C:\Users\ckh6kor\.m2\repository\com\google\j2objc\j2objc-annotations\1.1\j2objc-annotations-1.1.jar;C:\Users\ckh6kor\.m2\repository\org\codehaus\mojo\animal-sniffer-annotations\1.14\animal-sniffer-annotations-1.14.jar;C:\Users\ckh6kor\.m2\repository\org\hamcrest\hamcrest-core\1.3\hamcrest-core-1.3.jar;C:\Users\ckh6kor\.m2\repository\net\sourceforge\htmlunit\htmlunit\2.27\htmlunit-2.27.jar;C:\Users\ckh6kor\.m2\repository\net\sourceforge\htmlunit\htmlunit-core-js\2.27\htmlunit-core-js-2.27.jar;C:\Users\ckh6kor\.m2\repository\net\sourceforge\htmlunit\neko-htmlunit\2.27\neko-htmlunit-2.27.jar;C:\Users\ckh6kor\.m2\repository\org\apache\httpcomponents\httpcore\4.4.6\httpcore-4.4.6.jar;C:\Users\ckh6kor\.m2\repository\org\apache\httpcomponents\httpmime\4.5.3\httpmime-4.5.3.jar;C:\Users\ckh6kor\.m2\repository\net\jcip\jcip-annotations\1.0\jcip-annotations-1.0.jar;C:\Users\ckh6kor\.m2\repository\org\seleniumhq\selenium\jetty-repacked\9.4.5.v20170502\jetty-repacked-9.4.5.v20170502.jar;C:\Users\ckh6kor\.m2\repository\org\eclipse\jetty\jetty-client\9.4.5.v20170502\jetty-client-9.4.5.v20170502.jar;C:\Users\ckh6kor\.m2\repository\org\eclipse\jetty\jetty-http\9.4.5.v20170502\jetty-http-9.4.5.v20170502.jar;C:\Users\ckh6kor\.m2\repository\org\eclipse\jetty\jetty-io\9.4.5.v20170502\jetty-io-9.4.5.v20170502.jar;C:\Users\ckh6kor\.m2\repository\org\eclipse\jetty\jetty-util\9.4.5.v20170502\jetty-util-9.4.5.v20170502.jar;C:\Users\ckh6kor\.m2\repository\net\java\dev\jna\jna\4.1.0\jna-4.1.0.jar;C:\Users\ckh6kor\.m2\repository\net\java\dev\jna\jna-platform\4.1.0\jna-platform-4.1.0.jar;C:\Users\ckh6kor\.m2\repository\com\codeborne\phantomjsdriver\1.4.0\phantomjsdriver-1.4.0.jar;C:\Users\ckh6kor\.m2\repository\org\seleniumhq\selenium\htmlunit-driver\2.27\htmlunit-driver-2.27.jar;C:\Users\ckh6kor\.m2\repository\javax\servlet\javax.servlet-api\3.1.0\javax.servlet-api-3.1.0.jar;C:\Users\ckh6kor\.m2\repository\org\eclipse\jetty\websocket\websocket-api\9.4.5.v20170502\websocket-api-9.4.5.v20170502.jar;C:\Users\ckh6kor\.m2\repository\org\eclipse\jetty\websocket\websocket-client\9.4.5.v20170502\websocket-client-9.4.5.v20170502.jar;C:\Users\ckh6kor\.m2\repository\org\eclipse\jetty\websocket\websocket-common\9.4.5.v20170502\websocket-common-9.4.5.v20170502.jar;C:\Users\ckh6kor\.m2\repository\xalan\serializer\2.7.2\serializer-2.7.2.jar;C:\Users\ckh6kor\.m2\repository\xalan\xalan\2.7.2\xalan-2.7.2.jar;C:\Users\ckh6kor\.m2\repository\xerces\xercesImpl\2.11.0\xercesImpl-2.11.0.jar;C:\Users\ckh6kor\.m2\repository\xml-apis\xml-apis\1.4.01\xml-apis-1.4.01.jar;C:\Users\ckh6kor\.m2\repository\org\yaml\snakeyaml\1.15\snakeyaml-1.15.jar;C:\Users\ckh6kor\.m2\repository\org\seleniumhq\selenium\selenium-java\3.141.59\selenium-java-3.141.59.jar;C:\Users\ckh6kor\.m2\repository\net\bytebuddy\byte-buddy\1.8.15\byte-buddy-1.8.15.jar;C:\Users\ckh6kor\.m2\repository\com\squareup\okhttp3\okhttp\3.11.0\okhttp-3.11.0.jar;C:\Users\ckh6kor\.m2\repository\com\squareup\okio\okio\1.14.0\okio-1.14.0.jar;C:\Users\ckh6kor\.m2\repository\org\uncommons\reportng\1.1.4\reportng-1.1.4.jar;C:\Users\ckh6kor\.m2\repository\velocity\velocity\1.4\velocity-1.4.jar;C:\Users\ckh6kor\.m2\repository\velocity\velocity-dep\1.4\velocity-dep-1.4.jar;C:\Users\ckh6kor\.m2\repository\com\google\inject\guice\3.0\guice-3.0.jar;C:\Users\ckh6kor\.m2\repository\javax\inject\javax.inject\1\javax.inject-1.jar;C:\Users\ckh6kor\.m2\repository\aopalliance\aopalliance\1.0\aopalliance-1.0.jar;C:\Users\ckh6kor\.m2\repository\com\jayway\jsonpath\json-path\2.4.0\json-path-2.4.0.jar;C:\Users\ckh6kor\.m2\repository\net\minidev\json-smart\2.3\json-smart-2.3.jar;C:\Users\ckh6kor\.m2\repository\net\minidev\accessors-smart\1.2\accessors-smart-1.2.jar;C:\Users\ckh6kor\.m2\repository\org\ow2\asm\asm\5.0.4\asm-5.0.4.jar;C:\Users\ckh6kor\.m2\repository\dom4j\dom4j\1.6.1\dom4j-1.6.1.jar;C:\Users\ckh6kor\.m2\repository\commons-io\commons-io\2.6\commons-io-2.6.jar;C:\Users\ckh6kor\.m2\repository\jaxen\jaxen\1.2.0\jaxen-1.2.0.jar;C:\Users\ckh6kor\.m2\repository\org\seleniumhq\selenium\selenium-support\3.141.59\selenium-support-3.141.59.jar;C:\Users\ckh6kor\.m2\repository\org\testng\testng\7.1.0\testng-7.1.0.jar;C:\Users\ckh6kor\.m2\repository\com\google\inject\guice\4.1.0\guice-4.1.0-no_aop.jar;C:\Users\ckh6kor\.m2\repository\log4j\log4j\1.2.17\log4j-1.2.17.jar;"/>
    <property name="sun.cpu.endian" value="little"/>
    <property name="user.home" value="C:\Users\ckh6kor"/>
    <property name="user.language" value="en"/>
    <property name="java.specification.vendor" value="Oracle Corporation"/>
    <property name="java.home" value="C:\Program Files\Java\jdk1.8.0_241\jre"/>
    <property name="basedir" value="C:\Git\AutomationFramework"/>
    <property name="file.separator" value="\"/>
    <property name="line.separator" value="&#10;"/>
    <property name="java.vm.specification.vendor" value="Oracle Corporation"/>
    <property name="java.specification.name" value="Java Platform API Specification"/>
    <property name="java.awt.graphicsenv" value="sun.awt.Win32GraphicsEnvironment"/>
    <property name="surefire.real.class.path" value="C:\Users\ckh6kor\AppData\Local\Temp\surefire8884397114135230120\surefirebooter8844637570657534693.jar"/>
    <property name="sun.boot.class.path" value="C:\Program Files\Java\jdk1.8.0_241\jre\lib\resources.jar;C:\Program Files\Java\jdk1.8.0_241\jre\lib\rt.jar;C:\Program Files\Java\jdk1.8.0_241\jre\lib\sunrsasign.jar;C:\Program Files\Java\jdk1.8.0_241\jre\lib\jsse.jar;C:\Program Files\Java\jdk1.8.0_241\jre\lib\jce.jar;C:\Program Files\Java\jdk1.8.0_241\jre\lib\charsets.jar;C:\Program Files\Java\jdk1.8.0_241\jre\lib\jfr.jar;C:\Program Files\Java\jdk1.8.0_241\jre\classes"/>
    <property name="user.script" value=""/>
    <property name="sun.management.compiler" value="HotSpot 64-Bit Tiered Compilers"/>
    <property name="java.runtime.version" value="1.8.0_241-b07"/>
    <property name="user.name" value="CKH6KOR"/>
    <property name="path.separator" value=";"/>
    <property name="os.version" value="10.0"/>
    <property name="java.endorsed.dirs" value="C:\Program Files\Java\jdk1.8.0_241\jre\lib\endorsed"/>
    <property name="java.runtime.name" value="Java(TM) SE Runtime Environment"/>
    <property name="file.encoding" value="Cp1252"/>
    <property name="jnidispatch.path" value="C:\Users\ckh6kor\AppData\Local\Temp\jna-1548567640\jna1627361861168986511.dll"/>
    <property name="java.vm.name" value="Java HotSpot(TM) 64-Bit Server VM"/>
    <property name="localRepository" value="C:\Users\ckh6kor\.m2\repository"/>
    <property name="java.vendor.url.bug" value="http://bugreport.sun.com/bugreport/"/>
    <property name="java.io.tmpdir" value="C:\Users\ckh6kor\AppData\Local\Temp\"/>
    <property name="java.version" value="1.8.0_241"/>
    <property name="user.dir" value="C:\Git\AutomationFramework"/>
    <property name="os.arch" value="amd64"/>
    <property name="webdriver.gecko.driver" value="C:\Users\ckh6kor\.m2\repository\webdriver\geckodriver\win64\0.25.0\geckodriver.exe"/>
    <property name="java.vm.specification.name" value="Java Virtual Machine Specification"/>
    <property name="java.awt.printerjob" value="sun.awt.windows.WPrinterJob"/>
    <property name="sun.os.patch.level" value=""/>
    <property name="java.library.path" value="C:\Program Files\Java\jdk1.8.0_241\jre\bin;C:\WINDOWS\Sun\Java\bin;C:\WINDOWS\system32;C:\WINDOWS;C:\Program Files (x86)\Common Files\Oracle\Java\javapath;C:\WINDOWS\system32;C:\WINDOWS;C:\WINDOWS\System32\Wbem;C:\WINDOWS\System32\WindowsPowerShell\v1.0\;C:\WINDOWS\System32\OpenSSH\;C:\Program Files\7-Zip;C:\Program Files\Java\jdk1.8.0_241\bin;C:\Maven\apache-maven-3.6.3-bin\apache-maven-3.6.3\bin;C:\Maven\apache-maven-3.6.3-bin\apache-maven-3.6.3\bin;C:\Program Files\Docker\Docker\resources\bin;C:\ProgramData\DockerDesktop\version-bin;C:\Users\ckh6kor\AppData\Local\Programs\Git\cmd;C:\Users\ckh6kor\AppData\Local\Microsoft\WindowsApps;C:\Users\ckh6kor\AppData\Local\Programs\Git\cmd;C:\Users\ckh6kor\AppData\Local\Programs\Git\mingw64\bin;C:\Users\ckh6kor\AppData\Local\Programs\Git\usr\bin;C:\Program Files\Docker Toolbox;."/>
    <property name="java.vm.info" value="mixed mode"/>
    <property name="java.vendor" value="Oracle Corporation"/>
    <property name="java.vm.version" value="25.241-b07"/>
    <property name="java.ext.dirs" value="C:\Program Files\Java\jdk1.8.0_241\jre\lib\ext;C:\WINDOWS\Sun\Java\lib\ext"/>
    <property name="sun.io.unicode.encoding" value="UnicodeLittle"/>
    <property name="java.class.version" value="52.0"/>
  </properties>
  <testcase name="GiftsTestMethod" classname="com.amazon.tests.GiftsTest" time="21.012">
    <failure message="org/openqa/selenium/WrapsDriver" type="java.lang.NoClassDefFoundError"><![CDATA[java.lang.NoClassDefFoundError: org/openqa/selenium/WrapsDriver
	at com.amazon.tests.GiftsTest.GiftsTestMethod(GiftsTest.java:22)
Caused by: java.lang.ClassNotFoundException: org.openqa.selenium.WrapsDriver
	at com.amazon.tests.GiftsTest.GiftsTestMethod(GiftsTest.java:22)
]]></failure>
    <system-out><![CDATA[The Test execution is started
The Test execution is started
GiftsTestMethod test case started
 INFO [TestNG-tests-2] (GiftsTest.java:18) - Starting Gifts Test Method
DealsTestMethod test case started
 INFO [TestNG-PoolService-0] (DealsTest.java:22) - Starting Deals Test Method
DealsTestMethod test case started
 INFO [TestNG-PoolService-1] (DealsTest.java:22) - Starting Deals Test Method
 INFO [TestNG-PoolService-1] (HomePage.java:33) - Trying to click on Deals link
 INFO [TestNG-PoolService-1] (BaseActions.java:82) - Trying to click on element with the locator path:By.linkText: Today's Deals
 INFO [TestNG-tests-2] (HomePage.java:53) - Trying to click on Gift Cards Link
 INFO [TestNG-tests-2] (BaseActions.java:82) - Trying to click on element with the locator path:By.linkText: Gift Ideas
 INFO [TestNG-PoolService-0] (HomePage.java:33) - Trying to click on Deals link
 INFO [TestNG-PoolService-0] (BaseActions.java:82) - Trying to click on element with the locator path:By.linkText: Today's Deals
 INFO [TestNG-PoolService-1] (BaseActions.java:84) - Successfully clicked on element with the locator path:By.linkText: Today's Deals
 INFO [TestNG-PoolService-1] (HomePage.java:35) - Successfully clicked on Deals link
 INFO [TestNG-PoolService-0] (BaseActions.java:84) - Successfully clicked on element with the locator path:By.linkText: Today's Deals
 INFO [TestNG-PoolService-0] (HomePage.java:35) - Successfully clicked on Deals link
 INFO [TestNG-PoolService-1] (BaseActions.java:82) - Trying to click on element with the locator path:By.xpath: /html/body/div[1]/header/div/div[4]/a[2]/span
 INFO [TestNG-PoolService-0] (BaseActions.java:82) - Trying to click on element with the locator path:By.xpath: /html/body/div[1]/header/div/div[4]/a[2]/span
The name of the testcase failed is :GiftsTestMethod
23_02_20_00_15_22
]]></system-out>
    <system-err><![CDATA[SLF4J: Failed to load class "org.slf4j.impl.StaticLoggerBinder".
SLF4J: Defaulting to no-operation (NOP) logger implementation
SLF4J: See http://www.slf4j.org/codes.html#StaticLoggerBinder for further details.
log4j:WARN No appenders could be found for logger (org.apache.http.client.protocol.RequestAddCookies).
log4j:WARN Please initialize the log4j system properly.
log4j:WARN See http://logging.apache.org/log4j/1.2/faq.html#noconfig for more info.
11558823297035297371	0mo5zr2un7n3e0r	:m:orzruunnnneer	r::IrNuFnOn	eRurn	nIiNnFgO 	cRoumnmnainndg:  c"oC:\\Pmrmoagnrdam:  F"ilesC :\\Program Files (x86)\\M(oxz8i6l)l\a\ Mozilla FirFirefox\\firefox.efox\\firefoexx.e"e x"e-"m ar"i-omnaertitoen"e t"-teforegr"ound" "-n o"--rfeoreground" "-no-rmemote" "-profote"i "-lper"o f"iCl:e"\ \"UCs:e\r\sU\s\ecrksh\6\kcokrh\6\kAoprp\D\aAtpap\D\Local\\Teampta\\\Local\\Temp\\rust_mozprofi\lerGuIst_mozprofilenXm0oP"
OQuJ"
1582397052732	mozrunner::runner	INFO	Running command: "C:\\Program Files (x86)\\Mozilla Firefox\\firefox.exe" "-marionette" "-foreground" "-no-remote" "-profile" "C:\\Users\\ckh6kor\\AppData\\Local\\Temp\\rust_mozprofilecP1akI"
1582397056496	addons.webextension.screenshots@mozilla.org	WARN	Loading extension 'screenshots@mozilla.org': Reading manifest: Invalid extension permission: mozillaAddons
1582397056496	addons.webextension.screenshots@mozilla.org	WARN	Loading extension 'screenshots@mozilla.org': Reading manifest: Invalid extension permission: telemetry
1582397056497	addons.webextension.screenshots@mozilla.org	WARN	Loading extension 'screenshots@mozilla.org': Reading manifest: Invalid extension permission: resource://pdf.js/
1582397056510	addons.webextension.screenshots@mozilla.org	WARN	Loading extension 'screenshots@mozilla.org': Reading manifest: Invalid extension permission: about:reader*
1582397056515	addons.webextension.screenshots@mozilla.org	WARN	Loading extension 'screenshots@mozilla.org': Reading manifest: Invalid extension permission: mozillaAddons
1582397056515	addons.webextension.screenshots@mozilla.org	WARN	Loading extension 'screenshots@mozilla.org': Reading manifest: Invalid extension permission: telemetry
1582397056518	addons.webextension.screenshots@mozilla.org	WARN	Loading extension 'screenshots@mozilla.org': Reading manifest: Invalid extension permission: resource://pdf.js/
1582397056519	addons.webextension.screenshots@mozilla.org	WARN	Loading extension 'screenshots@mozilla.org': Reading manifest: Invalid extension permission: about:reader*
1582397056781	addons.webextension.screenshots@mozilla.org	WARN	Loading extension 'screenshots@mozilla.org': Reading manifest: Invalid extension permission: mozillaAddons
1582397056781	addons.webextension.screenshots@mozilla.org	WARN	Loading extension 'screenshots@mozilla.org': Reading manifest: Invalid extension permission: telemetry
1582397056782	addons.webextension.screenshots@mozilla.org	WARN	Loading extension 'screenshots@mozilla.org': Reading manifest: Invalid extension permission: resource://pdf.js/
1582397056782	addons.webextension.screenshots@mozilla.org	WARN	Loading extension 'screenshots@mozilla.org': Reading manifest: Invalid extension permission: about:reader*
[Parent 10360, Gecko_IOThread] WARNING: pipe error: 109: file z:/task_1[Parent 2916, Gecko_IOThread] WARNING: pipe error: 109: file z:/task_1578431244/build/src/ipc/chromium/src/chrome/common/ipc_channel_win.cc, line 341
578431244/build/src/ipc/chromium/src/chrome/common/ipc_channel_win.cc, line 341
[Child 17144, Chrome_ChildThread] WARNING: pipe error: 109: file z:/task_1578431244/build/src/ipc/chromium/src/chrome/common/ipc_channel_win.cc, line 341
[Child 8652, Chrome_ChildThread] WARNING: pipe error: 109: file z:/task_1578431244/build/src/ipc/chromium/src/chrome/common/ipc_channel_win.cc, line 341
JavaScript error: resource:///modules/sessionstore/SessionStore.jsm, line 1325: uncaught exception: 2147746065
[Parent 2916, Gecko_IOThread] WARNING: file z:/task_1578431244/build/src/ipc/chromium/src/base/process_util_win.cc, line 160
JavaScript error: resource:///modules/sessionstore/SessionStore.jsm, line 1325: uncaught exception: 2147746065
[Parent 2044, Gecko_IOThread] WARNING: file z:/task_1578431244/build/src/ipc/chromium/src/base/process_util_win.cc, line 160
console.error: "Could not write session state file " (new Error("_initWorker called too early! Please read the session file from disk first.", "resource:///modules/sessionstore/SessionFile.jsm", 376)) "_initWorker/<@resource:///modules/sessionstore/SessionFile.jsm:376:15\n_initWorker@resource:///modules/sessionstore/SessionFile.jsm:369:12\n_postToWorker@resource:///modules/sessionstore/SessionFile.jsm:411:16\nwrite@resource:///modules/sessionstore/SessionFile.jsm:450:24\nwrite@resource:///modules/sessionstore/SessionFile.jsm:76:32\n_writeState@resource:///modules/sessionstore/SessionSaver.jsm:360:24\n_saveState@resource:///modules/sessionstore/SessionSaver.jsm:294:17\n_saveStateAsync@resource:///modules/sessionstore/SessionSaver.jsm:344:10\nsaveStateAsyncWhenIdle@resource:///modules/sessionstore/SessionSaver.jsm:191:14\ncallback@resource://gre/modules/Timer.jsm:125:7\n"
[Child 20732, Chrome_ChildThread] WARNING: pipe error: 109: file z:/task_1578431244/build/src/ipc/chromium/src/chrome/common/ipc_channel_win.cc, line 341
JavaScript error: resource:///modules/sessionstore/SessionStore.jsm, line 1325: uncaught exception: 2147746065
1582397085849	Marionette	INFO	Listening on port 62549
1582397086014	Marionette	INFO	Listening on port 62552
1582397086241	Marionette	INFO	Listening on port 62553
Feb 23, 2020 12:14:47 AM org.openqa.selenium.remote.ProtocolHandshake createSession
INFO: Detected dialect: W3C
Feb 23, 2020 12:14:47 AM org.openqa.selenium.remote.ProtocolHandshake createSession
INFO: Detected dialect: W3C
Feb 23, 2020 12:14:47 AM org.openqa.selenium.remote.ProtocolHandshake createSession
INFO: Detected dialect: W3C
1582397108778	Marionette	WARN	TimedPromise timed out after 500 ms: stacktrace:
bail@chrome://marionette/content/sync.js:237:64
1582397109119	Marionette	WARN	TimedPromise timed out after 500 ms: stacktrace:
bail@chrome://marionette/content/sync.js:237:64
1582397121567	Marionette	WARN	TimedPromise timed out after 500 ms: stacktrace:
bail@chrome://marionette/content/sync.js:237:64
]]></system-err>
  </testcase>
  <testcase name="DealsTestMethod" classname="com.amazon.tests.DealsTest" time="28.519"/>
  <testcase name="DealsTestMethod" classname="com.amazon.tests.DealsTest" time="28.688"/>
</testsuite>