<?xml version="1.0" encoding="UTF-8"?>
<!-- Generated by org.testng.reporters.JUnitReportReporter -->
<testsuite skipped="0" hostname="GHYDMS1052607L" name="com.amazon.tests.GiftsTest" tests="1" failures="0" timestamp="2020-02-22T23:29:04 IST" time="65.450" errors="1">
  <testcase name="GiftsTestMethod" time="65.450" classname="com.amazon.tests.GiftsTest">
    <error type="java.lang.NoClassDefFoundError" message="org/openqa/selenium/WrapsDriver">
      <![CDATA[java.lang.NoClassDefFoundError: org/openqa/selenium/WrapsDriver
at org.openqa.selenium.support.ui.WebDriverWait.timeoutException(WebDriverWait.java:97)
at org.openqa.selenium.support.ui.FluentWait.until(FluentWait.java:272)
at com.amazon.base.BaseActions.waitFor(BaseActions.java:35)
at com.amazon.base.BaseActions.waitFor(BaseActions.java:49)
at com.amazon.base.BaseActions.find(BaseActions.java:63)
at com.amazon.base.BaseActions.Click(BaseActions.java:83)
at com.amazon.pages.HomePage.ClickGiftsLink(HomePage.java:54)
at com.amazon.tests.GiftsTest.GiftsTestMethod(GiftsTest.java:22)
at sun.reflect.NativeMethodAccessorImpl.invoke0(Native Method)
at sun.reflect.NativeMethodAccessorImpl.invoke(NativeMethodAccessorImpl.java:62)
at sun.reflect.DelegatingMethodAccessorImpl.invoke(DelegatingMethodAccessorImpl.java:43)
at java.lang.reflect.Method.invoke(Method.java:498)
at org.testng.internal.MethodInvocationHelper.invokeMethod(MethodInvocationHelper.java:134)
at org.testng.internal.TestInvoker.invokeMethod(TestInvoker.java:597)
at org.testng.internal.TestInvoker.invokeTestMethod(TestInvoker.java:173)
at org.testng.internal.MethodRunner.runInSequence(MethodRunner.java:46)
at org.testng.internal.TestInvoker$MethodInvocationAgent.invoke(TestInvoker.java:816)
at org.testng.internal.TestInvoker.invokeTestMethods(TestInvoker.java:146)
at org.testng.internal.TestMethodWorker.invokeTestMethods(TestMethodWorker.java:146)
at org.testng.internal.TestMethodWorker.run(TestMethodWorker.java:128)
at java.util.ArrayList.forEach(ArrayList.java:1257)
at org.testng.TestRunner.privateRun(TestRunner.java:766)
at org.testng.TestRunner.run(TestRunner.java:587)
at org.testng.SuiteRunner.runTest(SuiteRunner.java:384)
at org.testng.SuiteRunner.access$000(SuiteRunner.java:28)
at org.testng.SuiteRunner$SuiteWorker.run(SuiteRunner.java:425)
at org.testng.internal.thread.ThreadUtil.lambda$execute$0(ThreadUtil.java:68)
at java.util.concurrent.FutureTask.run(FutureTask.java:266)
at java.util.concurrent.ThreadPoolExecutor.runWorker(ThreadPoolExecutor.java:1149)
at java.util.concurrent.ThreadPoolExecutor$Worker.run(ThreadPoolExecutor.java:624)
at java.lang.Thread.run(Thread.java:748)
Caused by: java.lang.ClassNotFoundException: org.openqa.selenium.WrapsDriver
at java.net.URLClassLoader.findClass(URLClassLoader.java:382)
at java.lang.ClassLoader.loadClass(ClassLoader.java:418)
at sun.misc.Launcher$AppClassLoader.loadClass(Launcher.java:355)
at java.lang.ClassLoader.loadClass(ClassLoader.java:351)
... 31 more
]]>
    </error>
  </testcase> <!-- GiftsTestMethod -->
  <system-out/>
</testsuite> <!-- com.amazon.tests.GiftsTest -->
