<?xml version="1.0" encoding="UTF-8"?>
<testsuite name="GiftsTest"
           tests="1"
           failures="1"
           errors="0"
           skipped="0"
           time="11.435">
  <properties />
            <testcase name="GiftsTestMethod" time="11.435" classname="com.amazon.tests.GiftsTest">
                <failure type="java.lang.NoClassDefFoundError"
                  message="org/openqa/selenium/WrapsDriver"
              >
<![CDATA[java.lang.NoClassDefFoundError: org/openqa/selenium/WrapsDriver
  org.openqa.selenium.support.ui.WebDriverWait.timeoutException(WebDriverWait.java:97)
  org.openqa.selenium.support.ui.FluentWait.until(FluentWait.java:272)
  com.amazon.base.BaseActions.waitFor(BaseActions.java:35)
  com.amazon.base.BaseActions.waitFor(BaseActions.java:49)
  com.amazon.base.BaseActions.find(BaseActions.java:63)
  com.amazon.base.BaseActions.Click(BaseActions.java:83)
  com.amazon.pages.HomePage.ClickGiftsLink(HomePage.java:54)
  com.amazon.tests.GiftsTest.GiftsTestMethod(GiftsTest.java:22)
  sun.reflect.NativeMethodAccessorImpl.invoke0(Native Method)
  sun.reflect.NativeMethodAccessorImpl.invoke(NativeMethodAccessorImpl.java:62)
  sun.reflect.DelegatingMethodAccessorImpl.invoke(DelegatingMethodAccessorImpl.java:43)
  java.lang.reflect.Method.invoke(Method.java:498)
  org.testng.internal.MethodInvocationHelper.invokeMethod(MethodInvocationHelper.java:134)
  org.testng.internal.TestInvoker.invokeMethod(TestInvoker.java:597)
  org.testng.internal.TestInvoker.invokeTestMethod(TestInvoker.java:173)
  org.testng.internal.MethodRunner.runInSequence(MethodRunner.java:46)
  org.testng.internal.TestInvoker$MethodInvocationAgent.invoke(TestInvoker.java:816)
  org.testng.internal.TestInvoker.invokeTestMethods(TestInvoker.java:146)
  org.testng.internal.TestMethodWorker.invokeTestMethods(TestMethodWorker.java:146)
  org.testng.internal.TestMethodWorker.run(TestMethodWorker.java:128)
  java.util.ArrayList.forEach(ArrayList.java:1257)
  org.testng.TestRunner.privateRun(TestRunner.java:766)
  org.testng.TestRunner.run(TestRunner.java:587)
  org.testng.SuiteRunner.runTest(SuiteRunner.java:384)
  org.testng.SuiteRunner.access$000(SuiteRunner.java:28)
  org.testng.SuiteRunner$SuiteWorker.run(SuiteRunner.java:425)
  org.testng.internal.thread.ThreadUtil.lambda$execute$0(ThreadUtil.java:68)
  java.util.concurrent.FutureTask.run(FutureTask.java:266)
  java.util.concurrent.ThreadPoolExecutor.runWorker(ThreadPoolExecutor.java:1149)
  java.util.concurrent.ThreadPoolExecutor$Worker.run(ThreadPoolExecutor.java:624)
  java.lang.Thread.run(Thread.java:748)
Caused by: java.lang.ClassNotFoundException: org.openqa.selenium.WrapsDriver
  java.net.URLClassLoader.findClass(URLClassLoader.java:382)
  java.lang.ClassLoader.loadClass(ClassLoader.java:418)
  sun.misc.Launcher$AppClassLoader.loadClass(Launcher.java:355)
  java.lang.ClassLoader.loadClass(ClassLoader.java:351)
  org.openqa.selenium.support.ui.WebDriverWait.timeoutException(WebDriverWait.java:97)
  org.openqa.selenium.support.ui.FluentWait.until(FluentWait.java:272)
  com.amazon.base.BaseActions.waitFor(BaseActions.java:35)
  com.amazon.base.BaseActions.waitFor(BaseActions.java:49)
  com.amazon.base.BaseActions.find(BaseActions.java:63)
  com.amazon.base.BaseActions.Click(BaseActions.java:83)
  com.amazon.pages.HomePage.ClickGiftsLink(HomePage.java:54)
  com.amazon.tests.GiftsTest.GiftsTestMethod(GiftsTest.java:22)
  sun.reflect.NativeMethodAccessorImpl.invoke0(Native Method)
  sun.reflect.NativeMethodAccessorImpl.invoke(NativeMethodAccessorImpl.java:62)
  sun.reflect.DelegatingMethodAccessorImpl.invoke(DelegatingMethodAccessorImpl.java:43)
  java.lang.reflect.Method.invoke(Method.java:498)
  org.testng.internal.MethodInvocationHelper.invokeMethod(MethodInvocationHelper.java:134)
  org.testng.internal.TestInvoker.invokeMethod(TestInvoker.java:597)
  org.testng.internal.TestInvoker.invokeTestMethod(TestInvoker.java:173)
  org.testng.internal.MethodRunner.runInSequence(MethodRunner.java:46)
  org.testng.internal.TestInvoker$MethodInvocationAgent.invoke(TestInvoker.java:816)
  org.testng.internal.TestInvoker.invokeTestMethods(TestInvoker.java:146)
  org.testng.internal.TestMethodWorker.invokeTestMethods(TestMethodWorker.java:146)
  org.testng.internal.TestMethodWorker.run(TestMethodWorker.java:128)
  java.util.ArrayList.forEach(ArrayList.java:1257)
  org.testng.TestRunner.privateRun(TestRunner.java:766)
  org.testng.TestRunner.run(TestRunner.java:587)
  org.testng.SuiteRunner.runTest(SuiteRunner.java:384)
  org.testng.SuiteRunner.access$000(SuiteRunner.java:28)
  org.testng.SuiteRunner$SuiteWorker.run(SuiteRunner.java:425)
  org.testng.internal.thread.ThreadUtil.lambda$execute$0(ThreadUtil.java:68)
  java.util.concurrent.FutureTask.run(FutureTask.java:266)
  java.util.concurrent.ThreadPoolExecutor.runWorker(ThreadPoolExecutor.java:1149)
  java.util.concurrent.ThreadPoolExecutor$Worker.run(ThreadPoolExecutor.java:624)
  java.lang.Thread.run(Thread.java:748)
]]>
      </failure>

          </testcase>
  
  
  
</testsuite>
